<?xml version="1.0" encoding="UTF-8"?>
<!-- Generated by org.testng.reporters.JUnitReportReporter -->
<testsuite hostname="lenovo-pc" name="com.crm.qa.testcases.HomePageTest" tests="3" failures="0" timestamp="27 Mar 2019 09:49:36 GMT" time="69.040" errors="0">
  <testcase name="verifyHomePageTitleTest" time="23.627" classname="com.crm.qa.testcases.HomePageTest"/>
  <testcase name="verifyUsernameTest" time="21.991" classname="com.crm.qa.testcases.HomePageTest"/>
  <testcase name="verifyContactsLinkTest" time="23.422" classname="com.crm.qa.testcases.HomePageTest"/>
</testsuite> <!-- com.crm.qa.testcases.HomePageTest -->
