<?xml version="1.0" encoding="UTF-8"?>
<!-- Generated by org.testng.reporters.JUnitReportReporter -->
<testsuite hostname="lenovo-pc" name="com.crm.qa.testcases.ContactsPageTest" tests="6" failures="0" timestamp="1 Apr 2019 05:53:14 GMT" time="187.494" errors="0">
  <testcase name="verifyContactsPageLabel" time="48.441" classname="com.crm.qa.testcases.ContactsPageTest"/>
  <testcase name="selectSingleContactsTest" time="23.729" classname="com.crm.qa.testcases.ContactsPageTest"/>
  <testcase name="validateCreateNewContact" time="30.023" classname="com.crm.qa.testcases.ContactsPageTest"/>
  <testcase name="selectMulContactsTest" time="22.924" classname="com.crm.qa.testcases.ContactsPageTest"/>
  <testcase name="validateCreateNewContact" time="29.435" classname="com.crm.qa.testcases.ContactsPageTest"/>
  <testcase name="validateCreateNewContact" time="32.942" classname="com.crm.qa.testcases.ContactsPageTest"/>
</testsuite> <!-- com.crm.qa.testcases.ContactsPageTest -->
