<?xml version="1.0" encoding="UTF-8"?>
<!-- Generated by org.testng.reporters.JUnitReportReporter -->
<testsuite hostname="lenovo-pc" name="selenium_basics.Halfebay" tests="1" failures="0" timestamp="15 Mar 2019 08:51:52 GMT" time="20.753" errors="0">
  <testcase name="f" time="20.753" classname="selenium_basics.Halfebay"/>
</testsuite> <!-- selenium_basics.Halfebay -->
